==26951== Memcheck, a memory error detector
==26951== Copyright (C) 2002-2015, and GNU GPL'd, by Julian Seward et al.
==26951== Using Valgrind-3.11.0 and LibVEX; rerun with -h for copyright info
==26951== Command: bin/xacto -p 9999
==26951== Parent PID: 26939
==26951== 
==26951== 
==26951== HEAP SUMMARY:
==26951==     in use at exit: 188 bytes in 3 blocks
==26951==   total heap usage: 14 allocs, 11 frees, 6,980 bytes allocated
==26951== 
==26951== 4 bytes in 1 blocks are still reachable in loss record 1 of 3
==26951==    at 0x4C2DB8F: malloc (in /usr/lib/valgrind/vgpreload_memcheck-amd64-linux.so)
==26951==    by 0x402EBA: Malloc (csapp.c:455)
==26951==    by 0x4022BB: main (main.c:97)
==26951== 
==26951== 64 bytes in 1 blocks are still reachable in loss record 2 of 3
==26951==    at 0x4C2DB8F: malloc (in /usr/lib/valgrind/vgpreload_memcheck-amd64-linux.so)
==26951==    by 0x402EBA: Malloc (csapp.c:455)
==26951==    by 0x4056A5: store_init (store.c:12)
==26951==    by 0x402292: main (main.c:77)
==26951== 
==26951== 120 bytes in 1 blocks are still reachable in loss record 3 of 3
==26951==    at 0x4C2DB8F: malloc (in /usr/lib/valgrind/vgpreload_memcheck-amd64-linux.so)
==26951==    by 0x402EBA: Malloc (csapp.c:455)
==26951==    by 0x4041A1: trans_create (transaction.c:34)
==26951==    by 0x404C6D: xacto_client_service (server.c:31)
==26951==    by 0x4E416B9: start_thread (pthread_create.c:333)
==26951== 
==26951== LEAK SUMMARY:
==26951==    definitely lost: 0 bytes in 0 blocks
==26951==    indirectly lost: 0 bytes in 0 blocks
==26951==      possibly lost: 0 bytes in 0 blocks
==26951==    still reachable: 188 bytes in 3 blocks
==26951==         suppressed: 0 bytes in 0 blocks
==26951== 
==26951== For counts of detected and suppressed errors, rerun with: -v
==26951== ERROR SUMMARY: 0 errors from 0 contexts (suppressed: 0 from 0)
